<?xml version="1.0" encoding="UTF-8"?>
<testsuite xmlns:xsi="http://www.w3.org/2001/XMLSchema-instance" xsi:noNamespaceSchemaLocation="https://maven.apache.org/surefire/maven-surefire-plugin/xsd/surefire-test-report.xsd" version="3.0.1" name="es.udc.ws.app.test.model.appservice.AppServiceTest" time="2.906" tests="18" errors="0" skipped="0" failures="0">
  <properties>
[...]
</properties>
  <testcase name="testCancelEnrollmentLateCancellation" classname="es.udc.ws.app.test.model.appservice.AppServiceTest" time="0.22"/>
  <testcase name="testEnrollInCourseNoAvailableSeats" classname="es.udc.ws.app.test.model.appservice.AppServiceTest" time="0.048"/>
  <testcase name="testCancelEnrollment" classname="es.udc.ws.app.test.model.appservice.AppServiceTest" time="0.073"/>
  <testcase name="testEnrollInCourse" classname="es.udc.ws.app.test.model.appservice.AppServiceTest" time="0.077"/>
  <testcase name="testAddCourseBeforeStartDate" classname="es.udc.ws.app.test.model.appservice.AppServiceTest" time="0.001"/>
  <testcase name="testAddCourseInvalidPrice" classname="es.udc.ws.app.test.model.appservice.AppServiceTest" time="0.004"/>
  <testcase name="testFindEnrollmentByUserEmail" classname="es.udc.ws.app.test.model.appservice.AppServiceTest" time="2.144"/>
  <testcase name="testAddCourseAndFindCourseByCityAndDate" classname="es.udc.ws.app.test.model.appservice.AppServiceTest" time="0.076"/>
  <testcase name="testEnrollInInvalidCourse" classname="es.udc.ws.app.test.model.appservice.AppServiceTest" time="0.006"/>
  <testcase name="testAddCourseInvalidMaxSeats" classname="es.udc.ws.app.test.model.appservice.AppServiceTest" time="0.001"/>
  <testcase name="testEnrollInCourseAlreadyStarted" classname="es.udc.ws.app.test.model.appservice.AppServiceTest" time="0.041"/>
  <testcase name="testCancelEnrollmentInvalidOrDifferentEmail" classname="es.udc.ws.app.test.model.appservice.AppServiceTest" time="0.043"/>
  <testcase name="testEnrollInCourseInvalidEmail" classname="es.udc.ws.app.test.model.appservice.AppServiceTest" time="0.025"/>
  <testcase name="testFindNonExistentCourse" classname="es.udc.ws.app.test.model.appservice.AppServiceTest" time="0.004"/>
  <testcase name="testCancelEnrollmentAlreadyCancelled" classname="es.udc.ws.app.test.model.appservice.AppServiceTest" time="0.057"/>
  <testcase name="testFindCourseInvalidNumber" classname="es.udc.ws.app.test.model.appservice.AppServiceTest" time="0.004"/>
  <testcase name="testEnrollInCourseInvalidCreditCard" classname="es.udc.ws.app.test.model.appservice.AppServiceTest" time="0.024"/>
  <testcase name="testAddCourseAndFindCourseById" classname="es.udc.ws.app.test.model.appservice.AppServiceTest" time="0.023"/>
</testsuite>